INFO:werkzeug: * Detected change in 'd:\\Diplom\\routes\\role\\admin.py', reloading
INFO:werkzeug: * Restarting with stat
WARNING:werkzeug: * Debugger is active!
INFO:werkzeug: * Debugger PIN: 238-135-355
INFO:werkzeug: * Detected change in 'd:\\Diplom\\routes\\role\\auth.py', reloading
INFO:werkzeug: * Restarting with stat
WARNING:werkzeug: * Debugger is active!
INFO:werkzeug: * Debugger PIN: 238-135-355
INFO:werkzeug: * Detected change in 'd:\\Diplom\\routes\\role\\admin.py', reloading
INFO:werkzeug: * Restarting with stat
WARNING:werkzeug: * Debugger is active!
INFO:werkzeug: * Debugger PIN: 238-135-355
INFO:werkzeug: * Detected change in 'd:\\Diplom\\routes\\role\\admin.py', reloading
INFO:werkzeug: * Restarting with stat
WARNING:werkzeug: * Debugger is active!
INFO:werkzeug: * Debugger PIN: 238-135-355
INFO:werkzeug: * Detected change in 'd:\\Diplom\\routes\\role\\admin.py', reloading
INFO:werkzeug: * Restarting with stat
WARNING:werkzeug: * Debugger is active!
INFO:werkzeug: * Debugger PIN: 238-135-355
INFO:werkzeug: * Detected change in 'd:\\Diplom\\routes\\services\\paypal.py', reloading
INFO:werkzeug: * Restarting with stat
WARNING:werkzeug: * Debugger is active!
INFO:werkzeug: * Debugger PIN: 238-135-355
INFO:werkzeug: * Detected change in 'd:\\Diplom\\BooksApp.py', reloading
INFO:werkzeug: * Restarting with stat
WARNING:werkzeug: * Debugger is active!
INFO:werkzeug: * Debugger PIN: 238-135-355
INFO:werkzeug: * Detected change in 'd:\\Diplom\\BooksApp.py', reloading
INFO:werkzeug: * Restarting with stat
WARNING:werkzeug: * Debugger is active!
INFO:werkzeug: * Debugger PIN: 238-135-355
INFO:werkzeug: * Detected change in 'd:\\Diplom\\routes\\services\\paypal.py', reloading
INFO:werkzeug: * Restarting with stat
WARNING:werkzeug: * Debugger is active!
INFO:werkzeug: * Debugger PIN: 238-135-355
INFO:werkzeug: * Detected change in 'd:\\Diplom\\BooksApp.py', reloading
INFO:werkzeug: * Restarting with stat
WARNING:werkzeug: * Debugger is active!
INFO:werkzeug: * Debugger PIN: 238-135-355
INFO:werkzeug: * Detected change in 'd:\\Diplom\\routes\\role\\admin.py', reloading
INFO:werkzeug: * Restarting with stat
WARNING:werkzeug: * Debugger is active!
INFO:werkzeug: * Debugger PIN: 238-135-355
INFO:werkzeug: * Detected change in 'd:\\Diplom\\routes\\role\\auth.py', reloading
INFO:werkzeug: * Restarting with stat
WARNING:werkzeug: * Debugger is active!
INFO:werkzeug: * Debugger PIN: 238-135-355
INFO:werkzeug: * Detected change in 'd:\\Diplom\\routes\\services\\paypal.py', reloading
INFO:werkzeug: * Restarting with stat
WARNING:werkzeug: * Debugger is active!
INFO:werkzeug: * Debugger PIN: 238-135-355
INFO:werkzeug: * Detected change in 'd:\\Diplom\\BooksApp.py', reloading
INFO:werkzeug: * Restarting with stat
WARNING:werkzeug: * Debugger is active!
INFO:werkzeug: * Debugger PIN: 238-135-355
